  Moc'ing petgui.h...
  Moc'ing admin.h...
  Moc'ing mode.h...
  Moc'ing user.h...
  Moc'ing View.h...
  Moc'ing ch.h...
  Rcc'ing petgui.qrc...
  Uic'ing admin.ui...
  RCC: Warning: No resources in 'G:\OOP\Projects\pet gui\pet gui\petgui.qrc'.
  G:\OOP\Projects\pet gui\pet gui\admin.ui: Warning: The name 'layoutWidget' (QWidget) is already in use, defaulting to 'layoutWidget1'.
  G:\OOP\Projects\pet gui\pet gui\admin.ui: Warning: The name 'layoutWidget' (QWidget) is already in use, defaulting to 'layoutWidget2'.
  Uic'ing ch.ui...
  Uic'ing mode.ui...
  Uic'ing password.ui...
  Uic'ing petgui.ui...
  Uic'ing user.ui...
  Uic'ing view.ui...
  G:\OOP\Projects\pet gui\pet gui\user.ui: Warning: The name 'layoutWidget' (QWidget) is already in use, defaulting to 'layoutWidget1'.
  admin.cpp
  AdoptionList.cpp
  ch.cpp
  Controller.cpp
  CSVPlaylist.cpp
  Dog.cpp
  DogValidator.cpp
  FileAdoption.cpp
  FileHtml.cpp
  main.cpp
  mode.cpp
  n.cpp
  Operation.cpp
  petgui.cpp
  Redo.cpp
  Repository.cpp
  RepositoryExceptions.cpp
  Table.cpp
  Undo.cpp
  user.cpp
  Utils.cpp
  View.cpp
  moc_petgui.cpp
  moc_admin.cpp
  moc_mode.cpp
  moc_user.cpp
  moc_View.cpp
  moc_ch.cpp
  moc_n.cpp
  qrc_petgui.cpp
  pet gui.vcxproj -> G:\OOP\Projects\pet gui\x64\Debug\pet gui.exe
